<?xml version="1.0" encoding="UTF-8"?>
<!-- Generated by org.testng.reporters.JUnitReportReporter -->
<testsuite hostname="DESKTOP-MIJ45EA" failures="0" tests="1" name="CucumberTest.TestRunner" time="156.917" errors="0" timestamp="2021-01-05T18:02:10 IST" skipped="0">
  <testcase classname="CucumberTest.TestRunner" name="feature" time="156.917"/>
  <system-out/>
</testsuite> <!-- CucumberTest.TestRunner -->
